<?xml version="1.0" encoding="UTF-8"?>
<!-- Generated by org.testng.reporters.JUnitXMLReporter -->
<testsuite ignored="9" hostname="LAPTOP-0A73ADSN" failures="0" tests="1" name="Command line test" time="48.352" errors="0" timestamp="2026-05-01T23:17:13 ICT">
  <testcase classname="testcases.quanlytrasach.xuLyMatSachTest" name="TC_MS_03_BaoLoi_KhongNhapNgayKhaiBaoMat" time="3.233"/>
  <testcase classname="testcases.quanlytrasach.xuLyMatSachTest" name="TC_MS_07_XuLyMatSach_DenSachMoi_Success" time="0.0">
    <ignored/>
  </testcase> <!-- TC_MS_07_XuLyMatSach_DenSachMoi_Success -->
  <testcase classname="testcases.quanlytrasach.xuLyMatSachTest" name="TC_MS_08_HuyThaoTac_KhongLuuDuLieu" time="0.0">
    <ignored/>
  </testcase> <!-- TC_MS_08_HuyThaoTac_KhongLuuDuLieu -->
  <testcase classname="testcases.quanlytrasach.xuLyMatSachTest" name="TC_MS_02_MoFormXuLyMatSach" time="0.0">
    <ignored/>
  </testcase> <!-- TC_MS_02_MoFormXuLyMatSach -->
  <testcase classname="testcases.quanlytrasach.xuLyMatSachTest" name="TC_MS_09_KhongChoXuLyBanGhiKhongHopLe_HoacDaXuLy" time="0.0">
    <ignored/>
  </testcase> <!-- TC_MS_09_KhongChoXuLyBanGhiKhongHopLe_HoacDaXuLy -->
  <testcase classname="testcases.quanlytrasach.xuLyMatSachTest" name="TC_MS_10_XacNhanXuLyMatSachThatBai_KhongCapNhatDoDang" time="0.0">
    <ignored/>
  </testcase> <!-- TC_MS_10_XacNhanXuLyMatSachThatBai_KhongCapNhatDoDang -->
  <testcase classname="testcases.quanlytrasach.xuLyMatSachTest" name="TC_MS_04_BaoLoi_NgayKhaiBaoKhongHopLe" time="0.0">
    <ignored/>
  </testcase> <!-- TC_MS_04_BaoLoi_NgayKhaiBaoKhongHopLe -->
  <testcase classname="testcases.quanlytrasach.xuLyMatSachTest" name="TC_MS_05_BaoLoi_ChuaChonPhuongAnBoiHoan" time="0.0">
    <ignored/>
  </testcase> <!-- TC_MS_05_BaoLoi_ChuaChonPhuongAnBoiHoan -->
  <testcase classname="testcases.quanlytrasach.xuLyMatSachTest" name="TC_MS_06_XuLyMatSach_BoiThuongTien_Success" time="0.0">
    <ignored/>
  </testcase> <!-- TC_MS_06_XuLyMatSach_BoiThuongTien_Success -->
  <testcase classname="testcases.quanlytrasach.xuLyMatSachTest" name="TC_MS_01_HienThiDanhSachXuLyMatSach" time="0.0">
    <ignored/>
  </testcase> <!-- TC_MS_01_HienThiDanhSachXuLyMatSach -->
</testsuite> <!-- Command line test -->
