<?xml version="1.0" encoding="UTF-8"?>
<testng-results ignored="0" total="1" passed="1" failed="0" skipped="0">
  <reporter-output>
  </reporter-output>
  <suite started-at="2026-05-01T23:16:24 ICT" name="Command line suite" finished-at="2026-05-01T23:17:13 ICT" duration-ms="48352">
    <groups>
    </groups>
    <test started-at="2026-05-01T23:16:24 ICT" name="Command line test" finished-at="2026-05-01T23:17:13 ICT" duration-ms="48352">
      <class name="testcases.quanlytrasach.xuLyMatSachTest">
        <test-method is-config="true" signature="setupLogin()[pri:0, instance:testcases.quanlytrasach.xuLyMatSachTest@140e5a13]" started-at="2026-05-01T23:16:24 ICT" name="setupLogin" finished-at="2026-05-01T23:17:03 ICT" duration-ms="38544" status="PASS">
          <reporter-output>
          </reporter-output>
        </test-method> <!-- setupLogin -->
        <test-method signature="TC_MS_03_BaoLoi_KhongNhapNgayKhaiBaoMat()[pri:0, instance:testcases.quanlytrasach.xuLyMatSachTest@140e5a13]" started-at="2026-05-01T23:17:03 ICT" name="TC_MS_03_BaoLoi_KhongNhapNgayKhaiBaoMat" finished-at="2026-05-01T23:17:06 ICT" duration-ms="3233" status="PASS">
          <reporter-output>
          </reporter-output>
        </test-method> <!-- TC_MS_03_BaoLoi_KhongNhapNgayKhaiBaoMat -->
        <test-method is-config="true" signature="tearDown()[pri:0, instance:testcases.quanlytrasach.xuLyMatSachTest@140e5a13]" started-at="2026-05-01T23:17:06 ICT" name="tearDown" finished-at="2026-05-01T23:17:13 ICT" duration-ms="6385" status="PASS">
          <reporter-output>
          </reporter-output>
        </test-method> <!-- tearDown -->
      </class> <!-- testcases.quanlytrasach.xuLyMatSachTest -->
    </test> <!-- Command line test -->
  </suite> <!-- Command line suite -->
</testng-results>
